[2023-06-03 00:03:43] INFO root fetch - main [MainThread]: Get Changelog since Serial: [18353658]
[2023-06-03 00:03:48] INFO root fetch - main [MainThread]: Found 9 changed packages
[2023-06-03 00:03:48] INFO root fetch - processPackages [ThreadPoolExecutor-0_0]: Start processing: fimutil
[2023-06-03 00:03:48] INFO root fetch - processPackages [ThreadPoolExecutor-0_1]: Start processing: mkchain
[2023-06-03 00:03:48] INFO root fetch - processPackages [ThreadPoolExecutor-0_2]: Start processing: launchflow
[2023-06-03 00:03:48] INFO root fetch - processPackages [ThreadPoolExecutor-0_3]: Start processing: salesforce-codetf
[2023-06-03 00:03:48] INFO root fetch - processPackages [ThreadPoolExecutor-0_4]: Start processing: multicall
[2023-06-03 00:03:48] INFO root fetch - processPackages [ThreadPoolExecutor-0_5]: Start processing: deltafi
[2023-06-03 00:03:48] INFO root fetch - processPackages [ThreadPoolExecutor-0_6]: Start processing: python-fluepdot
[2023-06-03 00:03:48] INFO root fetch - processPackages [ThreadPoolExecutor-0_7]: Start processing: fimutil
[2023-06-03 00:03:48] INFO root fetch - processPackages [ThreadPoolExecutor-0_8]: Start processing: dcnum
[2023-06-03 00:03:48] INFO root fetch - processPackages [launchflow]: New version: [0.1.9] Old Version: [0.1.8]
[2023-06-03 00:03:48] INFO root fetch - processPackages [fimutil]: New version: [1.5.0rc2] Old Version: [1.5.0rc1]
[2023-06-03 00:03:48] INFO root fetch - processPackages [salesforce-codetf]: New version: [1.0.1] Old Version: [1.0.0]
[2023-06-03 00:03:48] INFO root fetch - processPackages [fimutil]: New version: [1.5.0rc2] Old Version: [1.5.0rc1]
[2023-06-03 00:03:48] INFO root fetch - processPackages [multicall]: New version: [0.7.4] Old Version: [0.7.3]
[2023-06-03 00:03:48] INFO root fetch - processPackages [deltafi]: New version: [1.0.0rc3] Old Version: [1.0.0rc2]
[2023-06-03 00:03:48] INFO root fetch - processPackages [mkchain]: New version: [6.9.1] Old Version: [6.9.0]
[2023-06-03 00:03:48] WARNING root fetch - processPackages [python-fluepdot]: Skipping, unable to determine old version
[2023-06-03 00:03:48] INFO root fetch - main [MainThread]: End processing [python-fluepdot] error
[2023-06-03 00:03:48] WARNING root fetch - processPackages [dcnum]: Skipping, unable to determine old version
[2023-06-03 00:03:48] INFO root fetch - main [MainThread]: End processing [dcnum] error
[2023-06-03 00:03:48] INFO root fetch - processPackages [multicall]: Downloading https://files.pythonhosted.org/packages/17/04/4fb063b74504f709165e27d5130f984827956deb2d69f5eccb32b3316391/multicall-0.7.3.tar.gz
[2023-06-03 00:03:48] INFO root fetch - processPackages [fimutil]: Downloading https://files.pythonhosted.org/packages/29/2b/07a9014fbc31ad3fb5b8a599d20bd16c7705567d3bbe9fb549819401ee4f/fimutil-1.5.0rc1.tar.gz
[2023-06-03 00:03:48] INFO root fetch - processPackages [fimutil]: Downloading https://files.pythonhosted.org/packages/29/2b/07a9014fbc31ad3fb5b8a599d20bd16c7705567d3bbe9fb549819401ee4f/fimutil-1.5.0rc1.tar.gz
[2023-06-03 00:03:48] INFO root fetch - processPackages [salesforce-codetf]: Downloading https://files.pythonhosted.org/packages/f2/d7/09ec0b7f72f72d577172d5a4f253c244540ce35d1f0ecaba2461417e8d15/salesforce-codetf-1.0.1.tar.gz
[2023-06-03 00:03:48] INFO root fetch - processPackages [mkchain]: Downloading https://files.pythonhosted.org/packages/22/03/7cb727c670b1e57a7cc7c46e4552245a57ae6688eaa957b8166fa23ce551/mkchain-6.9.0-py3-none-any.whl
[2023-06-03 00:03:48] INFO root fetch - processPackages [launchflow]: Downloading https://files.pythonhosted.org/packages/2a/b0/56dc7bd9ba2263bd34aa1a371f6b9c20aea5efc162d9c5179983dcd3fd1b/launchflow-0.1.8.tar.gz
[2023-06-03 00:03:48] WARNING root fetch - processPackages [launchflow]: Skipping package: exceeds size limit 96610312>=10485760
[2023-06-03 00:03:48] INFO root fetch - main [MainThread]: End processing [launchflow] error
[2023-06-03 00:03:48] INFO root fetch - processPackages [salesforce-codetf]: executing diffoscope
[2023-06-03 00:03:48] INFO root fetch - processPackages [salesforce-codetf]: podman run --user 0:0 --rm -w /home/abi/fetcher -v /home/abi/fetcher/tmp:/home/abi/fetcher/tmp:ro -v /home/abi/fetcher/20230603:/home/abi/fetcher/20230603:rw registry.salsa.debian.org/reproducible-builds/diffoscope --no-progress tmp/salesforce-codetf-1.0.0.tar.gz tmp/salesforce-codetf-1.0.1.tar.gz --markdown 20230603/s/salesforce-codetf/1.0.0-1.0.1/diff.md --exclude *.pyd
[2023-06-03 00:03:48] INFO root fetch - processPackages [deltafi]: Downloading https://files.pythonhosted.org/packages/9a/a4/5d71f20342daf90bb30b0cd2e733ec08034696a1e4708eb3c2211fb99a37/deltafi-1.0.0rc3.tar.gz
[2023-06-03 00:03:48] INFO root fetch - processPackages [multicall]: Downloading https://files.pythonhosted.org/packages/89/9c/e56ae69d7c71c37105a78e22934f8e28e1ac87c3e79bff50095ca6667c1c/multicall-0.7.4.tar.gz
[2023-06-03 00:03:49] INFO root fetch - processPackages [fimutil]: Downloading https://files.pythonhosted.org/packages/02/c6/b471148518aad28a2e2dcd50c47e0789ff09e80bbb0d125e250f6f3d5446/fimutil-1.5.0rc2.tar.gz
[2023-06-03 00:03:49] INFO root fetch - processPackages [fimutil]: Downloading https://files.pythonhosted.org/packages/02/c6/b471148518aad28a2e2dcd50c47e0789ff09e80bbb0d125e250f6f3d5446/fimutil-1.5.0rc2.tar.gz
[2023-06-03 00:03:49] INFO root fetch - processPackages [deltafi]: executing diffoscope
[2023-06-03 00:03:49] INFO root fetch - processPackages [deltafi]: podman run --user 0:0 --rm -w /home/abi/fetcher -v /home/abi/fetcher/tmp:/home/abi/fetcher/tmp:ro -v /home/abi/fetcher/20230603:/home/abi/fetcher/20230603:rw registry.salsa.debian.org/reproducible-builds/diffoscope --no-progress tmp/deltafi-1.0.0rc2.tar.gz tmp/deltafi-1.0.0rc3.tar.gz --markdown 20230603/d/deltafi/1.0.0rc2-1.0.0rc3/diff.md --exclude *.pyd
[2023-06-03 00:03:49] INFO root fetch - processPackages [multicall]: executing diffoscope
[2023-06-03 00:03:49] INFO root fetch - processPackages [multicall]: podman run --user 0:0 --rm -w /home/abi/fetcher -v /home/abi/fetcher/tmp:/home/abi/fetcher/tmp:ro -v /home/abi/fetcher/20230603:/home/abi/fetcher/20230603:rw registry.salsa.debian.org/reproducible-builds/diffoscope --no-progress tmp/multicall-0.7.3.tar.gz tmp/multicall-0.7.4.tar.gz --markdown 20230603/m/multicall/0.7.3-0.7.4/diff.md --exclude *.pyd
[2023-06-03 00:03:49] INFO root fetch - processPackages [mkchain]: Downloading https://files.pythonhosted.org/packages/01/46/8e6718c02ffe176b4aa933331c6a69a2c5f3efae0fb42603d27cd3cfa5d0/mkchain-6.9.1-py3-none-any.whl
[2023-06-03 00:03:49] INFO root fetch - processPackages [fimutil]: executing diffoscope
[2023-06-03 00:03:49] INFO root fetch - processPackages [fimutil]: podman run --user 0:0 --rm -w /home/abi/fetcher -v /home/abi/fetcher/tmp:/home/abi/fetcher/tmp:ro -v /home/abi/fetcher/20230603:/home/abi/fetcher/20230603:rw registry.salsa.debian.org/reproducible-builds/diffoscope --no-progress tmp/fimutil-1.5.0rc1.tar.gz tmp/fimutil-1.5.0rc2.tar.gz --markdown 20230603/f/fimutil/1.5.0rc1-1.5.0rc2/diff.md --exclude *.pyd
[2023-06-03 00:03:49] INFO root fetch - processPackages [fimutil]: executing diffoscope
[2023-06-03 00:03:49] INFO root fetch - processPackages [fimutil]: podman run --user 0:0 --rm -w /home/abi/fetcher -v /home/abi/fetcher/tmp:/home/abi/fetcher/tmp:ro -v /home/abi/fetcher/20230603:/home/abi/fetcher/20230603:rw registry.salsa.debian.org/reproducible-builds/diffoscope --no-progress tmp/fimutil-1.5.0rc1.tar.gz tmp/fimutil-1.5.0rc2.tar.gz --markdown 20230603/f/fimutil/1.5.0rc1-1.5.0rc2/diff.md --exclude *.pyd
[2023-06-03 00:03:49] INFO root fetch - processPackages [mkchain]: executing diffoscope
[2023-06-03 00:03:49] INFO root fetch - processPackages [mkchain]: podman run --user 0:0 --rm -w /home/abi/fetcher -v /home/abi/fetcher/tmp:/home/abi/fetcher/tmp:ro -v /home/abi/fetcher/20230603:/home/abi/fetcher/20230603:rw registry.salsa.debian.org/reproducible-builds/diffoscope --no-progress tmp/mkchain-6.9.0-py3-none-any.whl.zip tmp/mkchain-6.9.1-py3-none-any.whl.zip --markdown 20230603/m/mkchain/6.9.0-6.9.1/diff.md --exclude *.pyd
[2023-06-03 00:03:50] INFO root fetch - main [MainThread]: End processing [multicall]: success
[2023-06-03 00:03:50] INFO root fetch - main [MainThread]: End processing [mkchain]: success
[2023-06-03 00:03:50] INFO root fetch - main [MainThread]: End processing [fimutil]: success
[2023-06-03 00:03:50] INFO root fetch - main [MainThread]: End processing [fimutil]: success
[2023-06-03 00:03:50] INFO root fetch - main [MainThread]: End processing [deltafi]: success
[2023-06-03 00:03:50] INFO root fetch - main [MainThread]: End processing [salesforce-codetf]: success
[2023-06-03 00:03:50] INFO root fetch - main [MainThread]: Store serial: [18353688]
[2023-06-03 00:08:54] INFO root fetch - main [MainThread]: Get Changelog since Serial: [18353688]
[2023-06-03 00:08:58] INFO root fetch - main [MainThread]: Found 9 changed packages
[2023-06-03 00:08:58] INFO root fetch - processPackages [ThreadPoolExecutor-0_0]: Start processing: energyplus-pet
[2023-06-03 00:08:58] INFO root fetch - processPackages [ThreadPoolExecutor-0_1]: Start processing: fimutil
[2023-06-03 00:08:58] INFO root fetch - processPackages [ThreadPoolExecutor-0_2]: Start processing: dynast
[2023-06-03 00:08:58] INFO root fetch - processPackages [ThreadPoolExecutor-0_3]: Start processing: landingai
[2023-06-03 00:08:58] INFO root fetch - processPackages [ThreadPoolExecutor-0_4]: Start processing: mtv-dl
[2023-06-03 00:08:58] INFO root fetch - processPackages [ThreadPoolExecutor-0_5]: Start processing: datasinda-api
[2023-06-03 00:08:58] INFO root fetch - processPackages [ThreadPoolExecutor-0_6]: Start processing: pepperize.cdk-serverless-cluster-from-snapshot
[2023-06-03 00:08:58] INFO root fetch - processPackages [ThreadPoolExecutor-0_7]: Start processing: liveports
[2023-06-03 00:08:58] INFO root fetch - processPackages [ThreadPoolExecutor-0_8]: Start processing: andromeda-chain
[2023-06-03 00:08:59] INFO root fetch - processPackages [energyplus-pet]: New version: [0.50] Old Version: [0.49]
[2023-06-03 00:08:59] INFO root fetch - processPackages [landingai]: New version: [0.0.8] Old Version: [0.0.7]
[2023-06-03 00:08:59] INFO root fetch - processPackages [fimutil]: New version: [1.5.0rc3] Old Version: [1.5.0rc2]
[2023-06-03 00:08:59] WARNING root fetch - processPackages [andromeda-chain]: Skipping, unable to determine old version
[2023-06-03 00:08:59] INFO root fetch - processPackages [liveports]: New version: [0.1.3] Old Version: [0.1.2]
[2023-06-03 00:08:59] WARNING root fetch - processPackages [datasinda-api]: Skipping, unable to determine old version
[2023-06-03 00:08:59] INFO root fetch - main [MainThread]: End processing [andromeda-chain] error
[2023-06-03 00:08:59] INFO root fetch - main [MainThread]: End processing [datasinda-api] error
[2023-06-03 00:08:59] INFO root fetch - processPackages [mtv-dl]: New version: [0.9] Old Version: [0.8]
[2023-06-03 00:08:59] INFO root fetch - processPackages [dynast]: New version: [1.3.0rc3] Old Version: [1.3.0rc2]
[2023-06-03 00:08:59] INFO root fetch - processPackages [pepperize.cdk-serverless-cluster-from-snapshot]: New version: [0.0.99] Old Version: [0.0.98]
[2023-06-03 00:08:59] INFO root fetch - processPackages [landingai]: executing diffoscope
[2023-06-03 00:08:59] INFO root fetch - processPackages [landingai]: podman run --user 0:0 --rm -w /home/abi/fetcher -v /home/abi/fetcher/tmp:/home/abi/fetcher/tmp:ro -v /home/abi/fetcher/20230603:/home/abi/fetcher/20230603:rw registry.salsa.debian.org/reproducible-builds/diffoscope --no-progress tmp/landingai-0.0.7.tar.gz tmp/landingai-0.0.8.tar.gz --markdown 20230603/l/landingai/0.0.7-0.0.8/diff.md --exclude *.pyd
[2023-06-03 00:08:59] INFO root fetch - processPackages [pepperize.cdk-serverless-cluster-from-snapshot]: executing diffoscope
[2023-06-03 00:08:59] INFO root fetch - processPackages [pepperize.cdk-serverless-cluster-from-snapshot]: podman run --user 0:0 --rm -w /home/abi/fetcher -v /home/abi/fetcher/tmp:/home/abi/fetcher/tmp:ro -v /home/abi/fetcher/20230603:/home/abi/fetcher/20230603:rw registry.salsa.debian.org/reproducible-builds/diffoscope --no-progress tmp/pepperize.cdk-serverless-cluster-from-snapshot-0.0.98.tar.gz tmp/pepperize.cdk-serverless-cluster-from-snapshot-0.0.99.tar.gz --markdown 20230603/p/pepperize.cdk-serverless-cluster-from-snapshot/0.0.98-0.0.99/diff.md --exclude *.pyd
[2023-06-03 00:08:59] INFO root fetch - processPackages [energyplus-pet]: Downloading https://files.pythonhosted.org/packages/ff/09/fcd93df9d1e09510d5f0fc33ae620bc3aacc069ad9de6deb52aa21a34c4f/energyplus_pet-0.49.tar.gz
[2023-06-03 00:08:59] INFO root fetch - processPackages [fimutil]: Downloading https://files.pythonhosted.org/packages/d3/f0/76fc22dc344b38b6babb7eab03f44a055bb0a7dcddca67e52f050b2a17ed/fimutil-1.5.0rc3.tar.gz
[2023-06-03 00:08:59] INFO root fetch - processPackages [liveports]: Downloading https://files.pythonhosted.org/packages/b1/e7/1dd7dc898c5385d4d2eee83bc83dd9ba0cf6626dea19afdb29eaf31df095/liveports-0.1.3.tar.gz
[2023-06-03 00:08:59] INFO root fetch - processPackages [dynast]: Downloading https://files.pythonhosted.org/packages/e2/45/4c9a1214481328b01d011b4e8695b8f45905803b05ca2f50e380e999e933/dynast-1.3.0rc3.tar.gz
[2023-06-03 00:08:59] INFO root fetch - processPackages [liveports]: executing diffoscope
[2023-06-03 00:08:59] INFO root fetch - processPackages [liveports]: podman run --user 0:0 --rm -w /home/abi/fetcher -v /home/abi/fetcher/tmp:/home/abi/fetcher/tmp:ro -v /home/abi/fetcher/20230603:/home/abi/fetcher/20230603:rw registry.salsa.debian.org/reproducible-builds/diffoscope --no-progress tmp/liveports-0.1.2.tar.gz tmp/liveports-0.1.3.tar.gz --markdown 20230603/l/liveports/0.1.2-0.1.3/diff.md --exclude *.pyd
[2023-06-03 00:08:59] INFO root fetch - processPackages [fimutil]: executing diffoscope
[2023-06-03 00:08:59] INFO root fetch - processPackages [fimutil]: podman run --user 0:0 --rm -w /home/abi/fetcher -v /home/abi/fetcher/tmp:/home/abi/fetcher/tmp:ro -v /home/abi/fetcher/20230603:/home/abi/fetcher/20230603:rw registry.salsa.debian.org/reproducible-builds/diffoscope --no-progress tmp/fimutil-1.5.0rc2.tar.gz tmp/fimutil-1.5.0rc3.tar.gz --markdown 20230603/f/fimutil/1.5.0rc2-1.5.0rc3/diff.md --exclude *.pyd
[2023-06-03 00:08:59] INFO root fetch - processPackages [dynast]: executing diffoscope
[2023-06-03 00:08:59] INFO root fetch - processPackages [dynast]: podman run --user 0:0 --rm -w /home/abi/fetcher -v /home/abi/fetcher/tmp:/home/abi/fetcher/tmp:ro -v /home/abi/fetcher/20230603:/home/abi/fetcher/20230603:rw registry.salsa.debian.org/reproducible-builds/diffoscope --no-progress tmp/dynast-1.3.0rc2.tar.gz tmp/dynast-1.3.0rc3.tar.gz --markdown 20230603/d/dynast/1.3.0rc2-1.3.0rc3/diff.md --exclude *.pyd
[2023-06-03 00:08:59] INFO root fetch - processPackages [energyplus-pet]: Downloading https://files.pythonhosted.org/packages/ea/2e/8f87bb6f5771e23efb33ca95f0e9ce1d63e7ba10896614cb15172c1c758c/energyplus_pet-0.50.tar.gz
[2023-06-03 00:08:59] INFO root fetch - processPackages [mtv-dl]: executing diffoscope
[2023-06-03 00:08:59] INFO root fetch - processPackages [mtv-dl]: podman run --user 0:0 --rm -w /home/abi/fetcher -v /home/abi/fetcher/tmp:/home/abi/fetcher/tmp:ro -v /home/abi/fetcher/20230603:/home/abi/fetcher/20230603:rw registry.salsa.debian.org/reproducible-builds/diffoscope --no-progress tmp/mtv_dl-0.8.tar.gz tmp/mtv_dl-0.9.tar.gz --markdown 20230603/m/mtv-dl/0.8-0.9/diff.md --exclude *.pyd
[2023-06-03 00:08:59] INFO root fetch - processPackages [energyplus-pet]: executing diffoscope
[2023-06-03 00:08:59] INFO root fetch - processPackages [energyplus-pet]: podman run --user 0:0 --rm -w /home/abi/fetcher -v /home/abi/fetcher/tmp:/home/abi/fetcher/tmp:ro -v /home/abi/fetcher/20230603:/home/abi/fetcher/20230603:rw registry.salsa.debian.org/reproducible-builds/diffoscope --no-progress tmp/energyplus_pet-0.49.tar.gz tmp/energyplus_pet-0.50.tar.gz --markdown 20230603/e/energyplus-pet/0.49-0.50/diff.md --exclude *.pyd
[2023-06-03 00:09:00] INFO root fetch - main [MainThread]: End processing [landingai]: success
[2023-06-03 00:09:00] INFO root fetch - main [MainThread]: End processing [liveports]: success
[2023-06-03 00:09:00] INFO root fetch - main [MainThread]: End processing [fimutil]: success
[2023-06-03 00:09:00] INFO root fetch - main [MainThread]: End processing [mtv-dl]: success
[2023-06-03 00:09:00] INFO root fetch - main [MainThread]: End processing [energyplus-pet]: success
[2023-06-03 00:09:02] INFO root fetch - main [MainThread]: End processing [dynast]: success
[2023-06-03 00:09:57] INFO root fetch - main [MainThread]: End processing [pepperize.cdk-serverless-cluster-from-snapshot]: success
[2023-06-03 00:09:57] INFO root fetch - main [MainThread]: Store serial: [18353722]
[2023-06-03 00:15:00] INFO root fetch - main [MainThread]: Get Changelog since Serial: [18353722]
[2023-06-03 00:15:05] INFO root fetch - main [MainThread]: Found 8 changed packages
[2023-06-03 00:15:05] INFO root fetch - processPackages [ThreadPoolExecutor-0_0]: Start processing: cdk-organizer
[2023-06-03 00:15:05] INFO root fetch - processPackages [ThreadPoolExecutor-0_1]: Start processing: dcnum
[2023-06-03 00:15:05] INFO root fetch - processPackages [ThreadPoolExecutor-0_2]: Start processing: pyvariant
[2023-06-03 00:15:05] INFO root fetch - processPackages [ThreadPoolExecutor-0_3]: Start processing: mesmerize-core
[2023-06-03 00:15:05] INFO root fetch - processPackages [ThreadPoolExecutor-0_4]: Start processing: energyplus-python-apps
[2023-06-03 00:15:05] INFO root fetch - processPackages [ThreadPoolExecutor-0_5]: Start processing: nbvv
[2023-06-03 00:15:05] INFO root fetch - processPackages [ThreadPoolExecutor-0_6]: Start processing: gpytorch
[2023-06-03 00:15:05] INFO root fetch - processPackages [ThreadPoolExecutor-0_7]: Start processing: deepspeed
[2023-06-03 00:15:05] INFO root fetch - processPackages [cdk-organizer]: New version: [1.5.0] Old Version: [1.4.0]
[2023-06-03 00:15:05] INFO root fetch - processPackages [dcnum]: New version: [0.0.2] Old Version: [0.0.1]
[2023-06-03 00:15:05] INFO root fetch - processPackages [pyvariant]: New version: [2.2.1] Old Version: [2.2.0]
[2023-06-03 00:15:05] INFO root fetch - processPackages [nbvv]: New version: [1.6.0] Old Version: [1.5.0]
[2023-06-03 00:15:05] INFO root fetch - processPackages [mesmerize-core]: New version: [0.2.2] Old Version: [0.2.0]
[2023-06-03 00:15:05] INFO root fetch - processPackages [energyplus-python-apps]: New version: [23.1b2] Old Version: [23.1b1]
[2023-06-03 00:15:05] INFO root fetch - processPackages [deepspeed]: New version: [0.9.3] Old Version: [0.9.2]
[2023-06-03 00:15:05] INFO root fetch - processPackages [gpytorch]: New version: [1.9.1] Old Version: [1.9.0]
[2023-06-03 00:15:06] INFO root fetch - processPackages [dcnum]: Downloading https://files.pythonhosted.org/packages/05/17/e45a28378fec43e99e106dfe213da828a56ca8de5d4de048eaacb1eb41b9/dcnum-0.0.1.tar.gz
[2023-06-03 00:15:06] INFO root fetch - processPackages [cdk-organizer]: Downloading https://files.pythonhosted.org/packages/2d/ad/251f72fe17b750f510c44a333a5f5f8bd3e58ce889ee97601f5f4320ed4e/cdk_organizer-1.4.0.tar.gz
[2023-06-03 00:15:06] INFO root fetch - processPackages [energyplus-python-apps]: Downloading https://files.pythonhosted.org/packages/af/63/13280330dc0c56c4cfd3f3680e7caf2282d0884514f40c24b4d08faa76fb/energyplus_python_apps-23.1b2.tar.gz
[2023-06-03 00:15:06] INFO root fetch - processPackages [mesmerize-core]: Downloading https://files.pythonhosted.org/packages/c4/59/3dec667540dae6ce417853ed7bd42b4efcb43c97a1fe0649648dbbded559/mesmerize-core-0.2.0.tar.gz
[2023-06-03 00:15:06] INFO root fetch - processPackages [nbvv]: Downloading https://files.pythonhosted.org/packages/94/ea/47dc9f1ab7fe250bea5cd898718d1d96321ecd84e1933eeafce630d9b230/nbvv-1.5.0.tar.gz
[2023-06-03 00:15:06] INFO root fetch - processPackages [gpytorch]: Downloading https://files.pythonhosted.org/packages/52/2b/302938fa31825c3613456993553f54824685074ad5e6451a7bad3f9f14fd/gpytorch-1.9.0.tar.gz
[2023-06-03 00:15:06] INFO root fetch - processPackages [deepspeed]: Downloading https://files.pythonhosted.org/packages/9e/6a/ce4e9afcf36f242f55bf2c91fa1366b26f0f40653d98a96c0f64b7154c12/deepspeed-0.9.2.tar.gz
[2023-06-03 00:15:06] INFO root fetch - processPackages [pyvariant]: Downloading https://files.pythonhosted.org/packages/df/14/5f3f5fdb01e19e716ce69c7a973c037b3a982e3b8b95371047dc3b34be11/pyvariant-2.2.1.tar.gz
[2023-06-03 00:15:06] INFO root fetch - processPackages [dcnum]: Downloading https://files.pythonhosted.org/packages/9e/73/d8f5c67dda6e60e86611e47b13bf715540363aba3c296f96a097840d800d/dcnum-0.0.2.tar.gz
[2023-06-03 00:15:06] INFO root fetch - processPackages [energyplus-python-apps]: executing diffoscope
[2023-06-03 00:15:06] INFO root fetch - processPackages [energyplus-python-apps]: podman run --user 0:0 --rm -w /home/abi/fetcher -v /home/abi/fetcher/tmp:/home/abi/fetcher/tmp:ro -v /home/abi/fetcher/20230603:/home/abi/fetcher/20230603:rw registry.salsa.debian.org/reproducible-builds/diffoscope --no-progress tmp/energyplus_python_apps-23.1b1.tar.gz tmp/energyplus_python_apps-23.1b2.tar.gz --markdown 20230603/e/energyplus-python-apps/23.1b1-23.1b2/diff.md --exclude *.pyd
[2023-06-03 00:15:06] INFO root fetch - processPackages [mesmerize-core]: Downloading https://files.pythonhosted.org/packages/d4/5f/6cd2867b012ab09be4f68a5733ab80fea66748f8280a28857f90fd22e85a/mesmerize-core-0.2.2.tar.gz
[2023-06-03 00:15:06] INFO root fetch - processPackages [dcnum]: executing diffoscope
[2023-06-03 00:15:06] INFO root fetch - processPackages [dcnum]: podman run --user 0:0 --rm -w /home/abi/fetcher -v /home/abi/fetcher/tmp:/home/abi/fetcher/tmp:ro -v /home/abi/fetcher/20230603:/home/abi/fetcher/20230603:rw registry.salsa.debian.org/reproducible-builds/diffoscope --no-progress tmp/dcnum-0.0.1.tar.gz tmp/dcnum-0.0.2.tar.gz --markdown 20230603/d/dcnum/0.0.1-0.0.2/diff.md --exclude *.pyd
[2023-06-03 00:15:06] INFO root fetch - processPackages [mesmerize-core]: executing diffoscope
[2023-06-03 00:15:06] INFO root fetch - processPackages [mesmerize-core]: podman run --user 0:0 --rm -w /home/abi/fetcher -v /home/abi/fetcher/tmp:/home/abi/fetcher/tmp:ro -v /home/abi/fetcher/20230603:/home/abi/fetcher/20230603:rw registry.salsa.debian.org/reproducible-builds/diffoscope --no-progress tmp/mesmerize-core-0.2.0.tar.gz tmp/mesmerize-core-0.2.2.tar.gz --markdown 20230603/m/mesmerize-core/0.2.0-0.2.2/diff.md --exclude *.pyd
[2023-06-03 00:15:06] INFO root fetch - processPackages [cdk-organizer]: Downloading https://files.pythonhosted.org/packages/65/c5/4855725dc5e8600ba96ab0b75ae187ab4d159a31fdfacf115f90b30c1805/cdk_organizer-1.5.0.tar.gz
[2023-06-03 00:15:06] INFO root fetch - processPackages [deepspeed]: Downloading https://files.pythonhosted.org/packages/9f/64/4a3643f61b15dbfec1cab0172f4bdae1d45e1ab3cd73bb0600978d5e4e5a/deepspeed-0.9.3.tar.gz
[2023-06-03 00:15:06] INFO root fetch - processPackages [pyvariant]: executing diffoscope
[2023-06-03 00:15:06] INFO root fetch - processPackages [pyvariant]: podman run --user 0:0 --rm -w /home/abi/fetcher -v /home/abi/fetcher/tmp:/home/abi/fetcher/tmp:ro -v /home/abi/fetcher/20230603:/home/abi/fetcher/20230603:rw registry.salsa.debian.org/reproducible-builds/diffoscope --no-progress tmp/pyvariant-2.2.0.tar.gz tmp/pyvariant-2.2.1.tar.gz --markdown 20230603/p/pyvariant/2.2.0-2.2.1/diff.md --exclude *.pyd
[2023-06-03 00:15:06] INFO root fetch - processPackages [gpytorch]: Downloading https://files.pythonhosted.org/packages/af/23/9683f34e84d79d5ec564548bb6c4f88e107f1a6687ea8b1615d98cfbdfcb/gpytorch-1.9.1.tar.gz
[2023-06-03 00:15:06] INFO root fetch - processPackages [cdk-organizer]: executing diffoscope
[2023-06-03 00:15:06] INFO root fetch - processPackages [cdk-organizer]: podman run --user 0:0 --rm -w /home/abi/fetcher -v /home/abi/fetcher/tmp:/home/abi/fetcher/tmp:ro -v /home/abi/fetcher/20230603:/home/abi/fetcher/20230603:rw registry.salsa.debian.org/reproducible-builds/diffoscope --no-progress tmp/cdk_organizer-1.4.0.tar.gz tmp/cdk_organizer-1.5.0.tar.gz --markdown 20230603/c/cdk-organizer/1.4.0-1.5.0/diff.md --exclude *.pyd
[2023-06-03 00:15:06] INFO root fetch - processPackages [deepspeed]: executing diffoscope
[2023-06-03 00:15:06] INFO root fetch - processPackages [deepspeed]: podman run --user 0:0 --rm -w /home/abi/fetcher -v /home/abi/fetcher/tmp:/home/abi/fetcher/tmp:ro -v /home/abi/fetcher/20230603:/home/abi/fetcher/20230603:rw registry.salsa.debian.org/reproducible-builds/diffoscope --no-progress tmp/deepspeed-0.9.2.tar.gz tmp/deepspeed-0.9.3.tar.gz --markdown 20230603/d/deepspeed/0.9.2-0.9.3/diff.md --exclude *.pyd
[2023-06-03 00:15:06] INFO root fetch - processPackages [nbvv]: Downloading https://files.pythonhosted.org/packages/16/92/7e514e2910cd7a5561803165a0230bf134776555e1b59efa586e2c130dd5/nbvv-1.6.0.tar.gz
[2023-06-03 00:15:06] WARNING root fetch - processPackages [nbvv]: Skipping package: exceeds size limit 47847646>=10485760
[2023-06-03 00:15:06] INFO root fetch - main [MainThread]: End processing [nbvv] error
[2023-06-03 00:15:06] INFO root fetch - processPackages [gpytorch]: executing diffoscope
[2023-06-03 00:15:06] INFO root fetch - processPackages [gpytorch]: podman run --user 0:0 --rm -w /home/abi/fetcher -v /home/abi/fetcher/tmp:/home/abi/fetcher/tmp:ro -v /home/abi/fetcher/20230603:/home/abi/fetcher/20230603:rw registry.salsa.debian.org/reproducible-builds/diffoscope --no-progress tmp/gpytorch-1.9.0.tar.gz tmp/gpytorch-1.9.1.tar.gz --markdown 20230603/g/gpytorch/1.9.0-1.9.1/diff.md --exclude *.pyd
[2023-06-03 00:15:07] INFO root fetch - main [MainThread]: End processing [energyplus-python-apps]: success
[2023-06-03 00:15:08] INFO root fetch - main [MainThread]: End processing [cdk-organizer]: success
[2023-06-03 00:15:08] INFO root fetch - main [MainThread]: End processing [mesmerize-core]: success
[2023-06-03 00:15:08] INFO root fetch - main [MainThread]: End processing [pyvariant]: success
[2023-06-03 00:15:08] INFO root fetch - main [MainThread]: End processing [dcnum]: success
[2023-06-03 00:15:11] INFO root fetch - main [MainThread]: End processing [gpytorch]: success
[2023-06-03 00:15:13] INFO root fetch - main [MainThread]: End processing [deepspeed]: success
[2023-06-03 00:15:13] INFO root fetch - main [MainThread]: Store serial: [18353744]
